# JRE version: OpenJDK Runtime Environment (11.0.8+10) (build 11.0.8+10-post-Ubuntu-0ubuntu118.04.1)
# Java VM: OpenJDK Server VM (11.0.8+10-post-Ubuntu-0ubuntu118.04.1, mixed mode, sharing, tiered, serial gc, linux-x86)
Heap:
 def new generation   total 78784K, used 78784K [0x87600000, 0x8cb70000, 0x920a0000)
  eden space 70080K, 100% used [0x87600000, 0x8ba70000, 0x8ba70000)
  from space 8704K, 100% used [0x8c2f0000, 0x8cb70000, 0x8cb70000)
  to   space 8704K,  27% used [0x8ba70000, 0x8bcbe558, 0x8c2f0000)
 tenured generation   total 174784K, used 43071K [0x920a0000, 0x9cb50000, 0xa7600000)
   the space 174784K,  24% used [0x920a0000, 0x94aafde8, 0x94aafe00, 0x9cb50000)
 Metaspace       used 35007K, capacity 35426K, committed 35456K, reserved 36144K
GC Heap History (19 events):
Event: 13,346 GC heap before
{Heap before GC invocations=0 (full 0):
 def new generation   total 78656K, used 69952K [0x87600000, 0x8cb50000, 0x920a0000)
  eden space 69952K, 100% used [0x87600000, 0x8ba50000, 0x8ba50000)
  from space 8704K,   0% used [0x8ba50000, 0x8ba50000, 0x8c2d0000)
  to   space 8704K,   0% used [0x8c2d0000, 0x8c2d0000, 0x8cb50000)
 tenured generation   total 174784K, used 0K [0x920a0000, 0x9cb50000, 0xa7600000)
   the space 174784K,   0% used [0x920a0000, 0x920a0000, 0x920a0200, 0x9cb50000)
 Metaspace       used 5492K, capacity 5618K, committed 5656K, reserved 6448K
}
Event: 13,553 GC heap after
{Heap after GC invocations=1 (full 0):
 def new generation   total 78656K, used 8704K [0x87600000, 0x8cb50000, 0x920a0000)
  eden space 69952K,   0% used [0x87600000, 0x87600000, 0x8ba50000)
  from space 8704K, 100% used [0x8c2d0000, 0x8cb50000, 0x8cb50000)
  to   space 8704K,   0% used [0x8ba50000, 0x8ba50000, 0x8c2d0000)
 tenured generation   total 174784K, used 3689K [0x920a0000, 0x9cb50000, 0xa7600000)
   the space 174784K,   2% used [0x920a0000, 0x9243a5e0, 0x9243a600, 0x9cb50000)
 Metaspace       used 5492K, capacity 5618K, committed 5656K, reserved 6448K
}
Event: 23,027 GC heap before
{Heap before GC invocations=1 (full 0):
 def new generation   total 78656K, used 78656K [0x87600000, 0x8cb50000, 0x920a0000)
  eden space 69952K, 100% used [0x87600000, 0x8ba50000, 0x8ba50000)
  from space 8704K, 100% used [0x8c2d0000, 0x8cb50000, 0x8cb50000)
  to   space 8704K,   0% used [0x8ba50000, 0x8ba50000, 0x8c2d0000)
 tenured generation   total 174784K, used 3689K [0x920a0000, 0x9cb50000, 0xa7600000)
   the space 174784K,   2% used [0x920a0000, 0x9243a5e0, 0x9243a600, 0x9cb50000)
 Metaspace       used 12258K, capacity 12403K, committed 12440K, reserved 12592K
}
Event: 23,279 GC heap after
{Heap after GC invocations=2 (full 0):
 def new generation   total 78656K, used 3197K [0x87600000, 0x8cb50000, 0x920a0000)
  eden space 69952K,   0% used [0x87600000, 0x87600000, 0x8ba50000)
  from space 8704K,  36% used [0x8ba50000, 0x8bd6f708, 0x8c2d0000)
  to   space 8704K,   0% used [0x8c2d0000, 0x8c2d0000, 0x8cb50000)
 tenured generation   total 174784K, used 12256K [0x920a0000, 0x9cb50000, 0xa7600000)
   the space 174784K,   7% used [0x920a0000, 0x92c98218, 0x92c98400, 0x9cb50000)
 Metaspace       used 12258K, capacity 12403K, committed 12440K, reserved 12592K
}
Event: 28,332 GC heap before
{Heap before GC invocations=2 (full 0):
 def new generation   total 78656K, used 27434K [0x87600000, 0x8cb50000, 0x920a0000)
  eden space 69952K,  34% used [0x87600000, 0x88dab290, 0x8ba50000)
  from space 8704K,  36% used [0x8ba50000, 0x8bd6f708, 0x8c2d0000)
  to   space 8704K,   0% used [0x8c2d0000, 0x8c2d0000, 0x8cb50000)
 tenured generation   total 174784K, used 12256K [0x920a0000, 0x9cb50000, 0xa7600000)
   the space 174784K,   7% used [0x920a0000, 0x92c98218, 0x92c98400, 0x9cb50000)
 Metaspace       used 16236K, capacity 16373K, committed 16384K, reserved 16688K
}
Event: 28,706 GC heap after
{Heap after GC invocations=3 (full 1):
 def new generation   total 78784K, used 0K [0x87600000, 0x8cb70000, 0x920a0000)
  eden space 70080K,   0% used [0x87600000, 0x87600000, 0x8ba70000)
  from space 8704K,   0% used [0x8ba70000, 0x8ba70000, 0x8c2f0000)
  to   space 8704K,   0% used [0x8c2f0000, 0x8c2f0000, 0x8cb70000)
 tenured generation   total 174784K, used 17466K [0x920a0000, 0x9cb50000, 0xa7600000)
   the space 174784K,   9% used [0x920a0000, 0x931ae8a0, 0x931aea00, 0x9cb50000)
 Metaspace       used 16236K, capacity 16373K, committed 16384K, reserved 16688K
}
Event: 38,858 GC heap before
{Heap before GC invocations=3 (full 1):
 def new generation   total 78784K, used 70080K [0x87600000, 0x8cb70000, 0x920a0000)
  eden space 70080K, 100% used [0x87600000, 0x8ba70000, 0x8ba70000)
  from space 8704K,   0% used [0x8ba70000, 0x8ba70000, 0x8c2f0000)
  to   space 8704K,   0% used [0x8c2f0000, 0x8c2f0000, 0x8cb70000)
 tenured generation   total 174784K, used 17466K [0x920a0000, 0x9cb50000, 0xa7600000)
   the space 174784K,   9% used [0x920a0000, 0x931ae8a0, 0x931aea00, 0x9cb50000)
 Metaspace       used 21667K, capacity 21846K, committed 22016K, reserved 22832K
}
Event: 38,947 GC heap after
{Heap after GC invocations=4 (full 1):
 def new generation   total 78784K, used 2695K [0x87600000, 0x8cb70000, 0x920a0000)
  eden space 70080K,   0% used [0x87600000, 0x87600000, 0x8ba70000)
  from space 8704K,  30% used [0x8c2f0000, 0x8c591eb8, 0x8cb70000)
  to   space 8704K,   0% used [0x8ba70000, 0x8ba70000, 0x8c2f0000)
 tenured generation   total 174784K, used 17466K [0x920a0000, 0x9cb50000, 0xa7600000)
   the space 174784K,   9% used [0x920a0000, 0x931ae8a0, 0x931aea00, 0x9cb50000)
 Metaspace       used 21667K, capacity 21846K, committed 22016K, reserved 22832K
}
Event: 49,666 GC heap before
{Heap before GC invocations=4 (full 1):
 def new generation   total 78784K, used 72775K [0x87600000, 0x8cb70000, 0x920a0000)
  eden space 70080K, 100% used [0x87600000, 0x8ba70000, 0x8ba70000)
  from space 8704K,  30% used [0x8c2f0000, 0x8c591eb8, 0x8cb70000)
  to   space 8704K,   0% used [0x8ba70000, 0x8ba70000, 0x8c2f0000)
 tenured generation   total 174784K, used 17466K [0x920a0000, 0x9cb50000, 0xa7600000)
   the space 174784K,   9% used [0x920a0000, 0x931ae8a0, 0x931aea00, 0x9cb50000)
 Metaspace       used 25588K, capacity 25854K, committed 25856K, reserved 25904K
}
Event: 49,772 GC heap after
{Heap after GC invocations=5 (full 1):
 def new generation   total 78784K, used 6722K [0x87600000, 0x8cb70000, 0x920a0000)
  eden space 70080K,   0% used [0x87600000, 0x87600000, 0x8ba70000)
  from space 8704K,  77% used [0x8ba70000, 0x8c100820, 0x8c2f0000)
  to   space 8704K,   0% used [0x8c2f0000, 0x8c2f0000, 0x8cb70000)
 tenured generation   total 174784K, used 17466K [0x920a0000, 0x9cb50000, 0xa7600000)
   the space 174784K,   9% used [0x920a0000, 0x931ae8a0, 0x931aea00, 0x9cb50000)
 Metaspace       used 25588K, capacity 25854K, committed 25856K, reserved 25904K
}
Event: 53,785 GC heap before
{Heap before GC invocations=5 (full 1):
 def new generation   total 78784K, used 32650K [0x87600000, 0x8cb70000, 0x920a0000)
  eden space 70080K,  36% used [0x87600000, 0x88f520e0, 0x8ba70000)
  from space 8704K,  77% used [0x8ba70000, 0x8c100820, 0x8c2f0000)
  to   space 8704K,   0% used [0x8c2f0000, 0x8c2f0000, 0x8cb70000)
 tenured generation   total 174784K, used 17466K [0x920a0000, 0x9cb50000, 0xa7600000)
   the space 174784K,   9% used [0x920a0000, 0x931ae8a0, 0x931aea00, 0x9cb50000)
 Metaspace       used 26927K, capacity 27235K, committed 27264K, reserved 27952K
}
Event: 54,182 GC heap after
{Heap after GC invocations=6 (full 2):
 def new generation   total 78784K, used 0K [0x87600000, 0x8cb70000, 0x920a0000)
  eden space 70080K,   0% used [0x87600000, 0x87600000, 0x8ba70000)
  from space 8704K,   0% used [0x8ba70000, 0x8ba70000, 0x8c2f0000)
  to   space 8704K,   0% used [0x8c2f0000, 0x8c2f0000, 0x8cb70000)
 tenured generation   total 174784K, used 25637K [0x920a0000, 0x9cb50000, 0xa7600000)
   the space 174784K,  14% used [0x920a0000, 0x939a9658, 0x939a9800, 0x9cb50000)
 Metaspace       used 26912K, capacity 27217K, committed 27264K, reserved 27952K
}
Event: 62,839 GC heap before
{Heap before GC invocations=6 (full 2):
 def new generation   total 78784K, used 70080K [0x87600000, 0x8cb70000, 0x920a0000)
  eden space 70080K, 100% used [0x87600000, 0x8ba70000, 0x8ba70000)
  from space 8704K,   0% used [0x8ba70000, 0x8ba70000, 0x8c2f0000)
  to   space 8704K,   0% used [0x8c2f0000, 0x8c2f0000, 0x8cb70000)
 tenured generation   total 174784K, used 25637K [0x920a0000, 0x9cb50000, 0xa7600000)
   the space 174784K,  14% used [0x920a0000, 0x939a9658, 0x939a9800, 0x9cb50000)
 Metaspace       used 28170K, capacity 28476K, committed 28544K, reserved 28976K
}
Event: 62,992 GC heap after
{Heap after GC invocations=7 (full 2):
 def new generation   total 78784K, used 4555K [0x87600000, 0x8cb70000, 0x920a0000)
  eden space 70080K,   0% used [0x87600000, 0x87600000, 0x8ba70000)
  from space 8704K,  52% used [0x8c2f0000, 0x8c762d38, 0x8cb70000)
  to   space 8704K,   0% used [0x8ba70000, 0x8ba70000, 0x8c2f0000)
 tenured generation   total 174784K, used 25637K [0x920a0000, 0x9cb50000, 0xa7600000)
   the space 174784K,  14% used [0x920a0000, 0x939a9658, 0x939a9800, 0x9cb50000)
 Metaspace       used 28170K, capacity 28476K, committed 28544K, reserved 28976K
}
Event: 67,738 GC heap before
{Heap before GC invocations=7 (full 2):
 def new generation   total 78784K, used 74635K [0x87600000, 0x8cb70000, 0x920a0000)
  eden space 70080K, 100% used [0x87600000, 0x8ba70000, 0x8ba70000)
  from space 8704K,  52% used [0x8c2f0000, 0x8c762d38, 0x8cb70000)
  to   space 8704K,   0% used [0x8ba70000, 0x8ba70000, 0x8c2f0000)
 tenured generation   total 174784K, used 25637K [0x920a0000, 0x9cb50000, 0xa7600000)
   the space 174784K,  14% used [0x920a0000, 0x939a9658, 0x939a9800, 0x9cb50000)
 Metaspace       used 28382K, capacity 28720K, committed 28800K, reserved 28976K
}
Event: 67,824 GC heap after
{Heap after GC invocations=8 (full 2):
 def new generation   total 78784K, used 2395K [0x87600000, 0x8cb70000, 0x920a0000)
  eden space 70080K,   0% used [0x87600000, 0x87600000, 0x8ba70000)
  from space 8704K,  27% used [0x8ba70000, 0x8bcc6cd0, 0x8c2f0000)
  to   space 8704K,   0% used [0x8c2f0000, 0x8c2f0000, 0x8cb70000)
 tenured generation   total 174784K, used 30141K [0x920a0000, 0x9cb50000, 0xa7600000)
   the space 174784K,  17% used [0x920a0000, 0x93e0f460, 0x93e0f600, 0x9cb50000)
 Metaspace       used 28382K, capacity 28720K, committed 28800K, reserved 28976K
}
Event: 78,830 GC heap before
{Heap before GC invocations=8 (full 2):
 def new generation   total 78784K, used 72475K [0x87600000, 0x8cb70000, 0x920a0000)
  eden space 70080K, 100% used [0x87600000, 0x8ba70000, 0x8ba70000)
  from space 8704K,  27% used [0x8ba70000, 0x8bcc6cd0, 0x8c2f0000)
  to   space 8704K,   0% used [0x8c2f0000, 0x8c2f0000, 0x8cb70000)
 tenured generation   total 174784K, used 30141K [0x920a0000, 0x9cb50000, 0xa7600000)
   the space 174784K,  17% used [0x920a0000, 0x93e0f460, 0x93e0f600, 0x9cb50000)
 Metaspace       used 34026K, capacity 34465K, committed 34560K, reserved 35120K
}
Event: 79,007 GC heap after
{Heap after GC invocations=9 (full 2):
 def new generation   total 78784K, used 8704K [0x87600000, 0x8cb70000, 0x920a0000)
  eden space 70080K,   0% used [0x87600000, 0x87600000, 0x8ba70000)
  from space 8704K, 100% used [0x8c2f0000, 0x8cb70000, 0x8cb70000)
  to   space 8704K,   0% used [0x8ba70000, 0x8ba70000, 0x8c2f0000)
 tenured generation   total 174784K, used 34741K [0x920a0000, 0x9cb50000, 0xa7600000)
   the space 174784K,  19% used [0x920a0000, 0x9428d7f0, 0x9428d800, 0x9cb50000)
 Metaspace       used 34026K, capacity 34465K, committed 34560K, reserved 35120K
}
Event: 88,221 GC heap before
{Heap before GC invocations=9 (full 2):
 def new generation   total 78784K, used 78784K [0x87600000, 0x8cb70000, 0x920a0000)
  eden space 70080K, 100% used [0x87600000, 0x8ba70000, 0x8ba70000)
  from space 8704K, 100% used [0x8c2f0000, 0x8cb70000, 0x8cb70000)
  to   space 8704K,   0% used [0x8ba70000, 0x8ba70000, 0x8c2f0000)
 tenured generation   total 174784K, used 34741K [0x920a0000, 0x9cb50000, 0xa7600000)
   the space 174784K,  19% used [0x920a0000, 0x9428d7f0, 0x9428d800, 0x9cb50000)
 Metaspace       used 35007K, capacity 35426K, committed 35456K, reserved 36144K
}

